<?xml version="1.0" encoding="UTF-8"?>
<!-- Generated by org.testng.reporters.JUnitReportReporter -->
<testsuite hostname="LAPTOP-KQUAISCN" failures="0" tests="1" name="automation.testsuite.BepTu_XuatXuFilterTest" time="19.528" errors="0" timestamp="2024-12-20T03:49:14 ICT" skipped="0">
  <testcase classname="automation.testsuite.BepTu_XuatXuFilterTest" name="FilterCountryWithEmptyProductsSuccessfully" time="19.528"/>
  <system-out/>
</testsuite> <!-- automation.testsuite.BepTu_XuatXuFilterTest -->
