<?xml version="1.0" encoding="UTF-8"?>
<!-- Generated by org.testng.reporters.JUnitReportReporter -->
<testsuite hostname="LAPTOP-KQUAISCN" failures="0" tests="1" name="automation.testsuite.Beptu_MultipleFiltersTest" time="41.683" errors="0" timestamp="2024-12-20T06:46:48 ICT" skipped="0">
  <testcase classname="automation.testsuite.Beptu_MultipleFiltersTest" name="multipleFiltersSuccessfully" time="41.683"/>
  <system-out/>
</testsuite> <!-- automation.testsuite.Beptu_MultipleFiltersTest -->
