<?xml version="1.0" encoding="UTF-8"?>
<!-- Generated by org.testng.reporters.JUnitReportReporter -->
<testsuite hostname="LAPTOP-KQUAISCN" failures="0" tests="1" name="automation.testsuite.BepTu_HangSanXuatFilterTest" time="11.123" errors="0" timestamp="2024-12-20T01:10:43 ICT" skipped="0">
  <testcase classname="automation.testsuite.BepTu_HangSanXuatFilterTest" name="testFilterByBoschSuccessfully" time="11.123"/>
  <system-out/>
</testsuite> <!-- automation.testsuite.BepTu_HangSanXuatFilterTest -->
