<?xml version="1.0" encoding="UTF-8"?>
<!-- Generated by org.testng.reporters.JUnitReportReporter -->
<testsuite hostname="LAPTOP-KQUAISCN" failures="0" tests="1" name="automation.testsuite.BepTu_MucGiaFilterTest" time="10.443" errors="0" timestamp="2024-12-20T01:32:53 ICT" skipped="0">
  <testcase classname="automation.testsuite.BepTu_MucGiaFilterTest" name="filterLonHon15TrieuSuccessfully" time="10.443"/>
  <system-out/>
</testsuite> <!-- automation.testsuite.BepTu_MucGiaFilterTest -->
